SF:lib/core/network/response/error_response.dart
DA:2,0
DA:12,0
DA:13,0
DA:14,0
DA:15,0
LF:5
LH:0
end_of_record
SF:lib/features/home/data/models/news_response.dart
DA:5,2
DA:15,2
DA:16,1
DA:17,1
DA:18,1
DA:19,4
DA:22,1
DA:23,4
DA:27,3
DA:47,2
DA:48,2
DA:49,1
DA:50,1
DA:51,1
DA:52,1
DA:53,1
DA:54,2
DA:55,1
DA:58,2
DA:59,2
DA:60,1
DA:61,1
DA:62,1
DA:63,1
DA:64,1
DA:65,3
DA:67,1
DA:68,3
DA:72,6
DA:80,2
DA:81,1
DA:82,1
LF:32
LH:32
end_of_record
SF:lib/features/home/data/remote/news_api_service.g.dart
DA:12,1
DA:21,0
DA:28,0
DA:33,0
DA:34,0
DA:35,0
DA:36,0
DA:41,0
DA:42,0
DA:47,0
DA:48,0
DA:49,0
DA:53,0
DA:54,0
DA:55,0
DA:56,0
DA:57,0
DA:58,0
DA:60,0
LF:19
LH:1
end_of_record
SF:lib/features/home/data/remote/news_remote_data_source.dart
DA:15,2
DA:20,2
DA:22,4
DA:27,2
DA:29,2
DA:30,3
DA:31,1
DA:35,1
DA:36,2
DA:37,1
DA:39,2
DA:40,2
LF:12
LH:12
end_of_record
SF:lib/features/home/domain/entities/article.dart
DA:5,2
DA:23,2
DA:24,8
LF:3
LH:3
end_of_record
SF:lib/core/network/dio/data_state.dart
DA:7,14
DA:11,4
DA:13,1
DA:14,2
DA:19,14
DA:21,1
DA:22,2
LF:7
LH:7
end_of_record
SF:lib/core/network/network_info.dart
DA:11,1
DA:17,0
DA:18,0
DA:22,1
DA:23,0
LF:5
LH:2
end_of_record
SF:lib/core/network/dio/dio_exception.dart
DA:22,1
DA:23,1
DA:24,1
DA:25,0
DA:27,1
DA:28,0
DA:30,1
DA:31,0
DA:33,1
DA:34,1
DA:36,0
DA:37,0
DA:39,0
DA:40,0
DA:41,0
DA:43,0
DA:44,0
DA:46,0
DA:50,0
DA:54,3
DA:57,0
DA:58,0
DA:62,0
DA:67,0
DA:68,0
DA:69,0
DA:71,0
DA:73,0
DA:75,0
DA:77,0
DA:79,0
DA:81,0
DA:83,0
DA:85,0
DA:86,0
DA:88,0
DA:92,1
DA:93,1
LF:38
LH:10
end_of_record
SF:lib/core/network/dio/dio_factory.dart
DA:7,1
DA:9,2
DA:10,1
DA:11,1
DA:12,1
DA:13,1
DA:14,1
DA:17,1
DA:18,6
LF:9
LH:9
end_of_record
SF:lib/core/routes/page_route.dart
DA:4,0
DA:6,0
DA:7,0
DA:8,0
DA:9,0
DA:10,0
DA:11,0
DA:12,0
DA:14,0
DA:18,0
DA:19,0
DA:23,0
LF:12
LH:0
end_of_record
SF:lib/core/utils/failure.dart
DA:7,5
DA:9,1
DA:10,2
DA:14,6
DA:20,0
DA:24,0
LF:6
LH:4
end_of_record
SF:lib/core/utils/view_utils.dart
DA:7,0
DA:8,0
DA:9,0
DA:19,0
DA:26,0
DA:28,0
DA:30,0
DA:31,0
DA:32,0
DA:33,0
DA:34,0
DA:35,0
DA:36,0
DA:37,0
DA:38,0
DA:40,0
DA:43,0
DA:44,0
LF:18
LH:0
end_of_record
SF:lib/core/utils_dev/log_helpers.dart
DA:6,0
DA:7,0
DA:11,0
DA:12,0
DA:16,0
DA:17,0
DA:21,1
DA:22,2
DA:25,1
LF:9
LH:3
end_of_record
SF:lib/core/utils_dev/test_keys.dart
DA:6,0
LF:1
LH:0
end_of_record
SF:lib/themes/resources/assets.dart
DA:5,0
LF:1
LH:0
end_of_record
SF:lib/themes/resources/strings.dart
DA:10,0
DA:12,0
LF:2
LH:0
end_of_record
SF:lib/features/home/data/repositories/news_repository_impl.dart
DA:11,2
DA:13,2
DA:15,4
DA:16,1
DA:17,6
DA:19,3
LF:6
LH:6
end_of_record
SF:lib/features/home/presentation/bloc/home_state.dart
DA:5,8
DA:7,1
DA:8,1
DA:12,5
DA:16,7
DA:21,1
DA:23,1
DA:24,2
DA:29,2
DA:31,1
DA:32,2
LF:11
LH:11
end_of_record
SF:lib/features/home/presentation/bloc/home_bloc.dart
DA:14,4
DA:15,4
DA:16,2
DA:18,4
DA:20,1
DA:21,4
DA:22,3
LF:7
LH:7
end_of_record
SF:lib/features/home/presentation/bloc/home_event.dart
DA:5,7
DA:9,7
LF:2
LH:2
end_of_record
SF:lib/features/home/presentation/pages/home_headline_section.dart
DA:4,5
DA:6,1
DA:8,1
DA:16,5
DA:18,1
DA:20,1
DA:21,1
DA:22,1
DA:23,1
DA:26,1
DA:29,1
DA:30,0
DA:31,1
DA:39,5
DA:41,1
DA:43,2
DA:44,1
DA:45,2
DA:46,0
DA:47,0
DA:49,1
DA:50,1
DA:51,0
DA:52,0
DA:53,1
DA:54,1
DA:56,1
DA:57,0
DA:59,0
DA:62,0
DA:63,0
DA:64,0
LF:32
LH:22
end_of_record
SF:lib/features/home/presentation/pages/home_flutter_news_section.dart
DA:4,5
DA:6,1
LF:2
LH:2
end_of_record
SF:lib/features/home/presentation/pages/home_page.dart
DA:16,6
DA:18,1
DA:20,1
DA:21,3
DA:22,1
DA:23,1
DA:25,1
DA:26,1
DA:28,1
LF:9
LH:9
end_of_record
SF:lib/features/home/presentation/pages/news_detail_page.dart
DA:12,0
DA:14,0
DA:15,0
DA:34,0
DA:36,0
DA:38,0
DA:39,0
DA:40,0
DA:41,0
DA:42,0
DA:44,0
LF:11
LH:0
end_of_record
SF:lib/features/home/presentation/widgets/article_widget.dart
DA:9,0
DA:12,0
DA:14,0
DA:16,0
DA:18,0
DA:19,0
DA:20,0
DA:21,0
DA:22,0
DA:24,0
DA:25,0
DA:27,0
DA:28,0
DA:29,0
DA:30,0
DA:31,0
DA:33,0
DA:34,0
DA:35,0
DA:43,0
DA:44,0
DA:45,0
DA:46,0
DA:47,0
DA:48,0
DA:49,0
DA:50,0
DA:55,0
DA:56,0
DA:57,0
DA:65,0
DA:66,0
LF:32
LH:0
end_of_record
SF:lib/features/home/presentation/widgets/shimmer_list.dart
DA:9,5
DA:14,1
DA:15,1
DA:19,1
DA:21,1
DA:23,1
DA:25,1
DA:26,1
DA:27,2
DA:28,1
DA:30,1
DA:42,5
DA:44,1
DA:45,1
DA:47,1
DA:48,1
DA:49,1
DA:51,1
DA:52,1
DA:55,1
DA:57,1
DA:61,1
DA:64,1
DA:66,1
DA:70,1
DA:73,1
DA:75,1
DA:84,1
DA:87,1
DA:89,1
LF:30
LH:30
end_of_record
SF:lib/injection.dart
DA:7,3
DA:9,1
DA:10,2
DA:11,2
DA:12,4
DA:14,1
DA:17,1
DA:18,6
DA:20,2
DA:21,4
DA:23,2
DA:24,6
DA:27,6
LF:13
LH:13
end_of_record
SF:lib/themes/styles/text_styles.dart
DA:4,0
DA:7,1
DA:8,1
DA:17,0
DA:18,0
DA:27,0
DA:28,0
DA:37,0
DA:38,0
LF:9
LH:2
end_of_record
SF:lib/themes/styles/colors.dart
DA:4,0
LF:1
LH:0
end_of_record
SF:lib/themes/styles/app_themes.dart
DA:7,0
DA:8,0
DA:15,0
DA:16,0
DA:17,0
LF:5
LH:0
end_of_record
