TN:
SF:lib/features/home/data/models/news_response.dart
FNF:0
FNH:0
DA:5,2
DA:15,2
DA:16,1
DA:17,1
DA:18,1
DA:19,4
DA:22,1
DA:23,4
DA:27,3
DA:47,2
DA:48,2
DA:49,1
DA:50,1
DA:51,1
DA:52,1
DA:53,1
DA:54,2
DA:55,1
DA:58,2
DA:59,2
DA:60,1
DA:61,1
DA:62,1
DA:63,1
DA:64,1
DA:65,3
DA:67,1
DA:68,3
DA:72,8
DA:80,2
DA:81,1
DA:82,1
LF:32
LH:32
end_of_record
TN:
SF:lib/features/home/data/remote/news_remote_data_source.dart
FNF:0
FNH:0
DA:19,3
DA:24,3
DA:30,6
DA:35,2
DA:37,2
DA:38,3
DA:39,1
DA:43,1
DA:44,2
DA:45,1
DA:47,2
DA:48,2
LF:12
LH:12
end_of_record
TN:
SF:lib/features/home/data/repositories/news_repository_impl.dart
FNF:0
FNH:0
DA:11,3
DA:13,3
DA:15,6
DA:16,1
DA:17,6
DA:19,3
LF:6
LH:6
end_of_record
TN:
SF:lib/features/home/domain/entities/article.dart
FNF:0
FNH:0
DA:5,3
DA:23,3
DA:24,12
LF:3
LH:3
end_of_record
TN:
SF:lib/features/home/presentation/bloc/home_bloc.dart
FNF:0
FNH:0
DA:14,6
DA:15,6
DA:16,3
DA:18,6
DA:20,1
DA:21,4
DA:22,3
LF:7
LH:7
end_of_record
TN:
SF:lib/features/home/presentation/bloc/home_event.dart
FNF:0
FNH:0
DA:5,8
DA:9,8
LF:2
LH:2
end_of_record
TN:
SF:lib/features/home/presentation/bloc/home_state.dart
FNF:0
FNH:0
DA:5,9
DA:7,1
DA:8,1
DA:12,6
DA:16,8
DA:21,1
DA:23,1
DA:24,2
DA:29,2
DA:31,1
DA:32,2
LF:11
LH:11
end_of_record
TN:
SF:lib/features/home/presentation/pages/home_flutter_news_section.dart
FNF:0
FNH:0
DA:4,6
DA:6,2
LF:2
LH:2
end_of_record
TN:
SF:lib/features/home/presentation/pages/home_headline_section.dart
FNF:0
FNH:0
DA:4,6
DA:6,2
DA:8,2
DA:16,6
DA:18,2
DA:20,2
DA:21,2
DA:22,2
DA:23,2
DA:26,2
DA:29,2
DA:30,0
DA:31,2
DA:39,6
DA:41,2
DA:43,4
DA:44,2
DA:45,4
DA:46,0
DA:47,0
DA:49,2
DA:50,2
DA:51,0
DA:52,0
DA:53,2
DA:54,2
DA:56,2
DA:57,0
DA:59,0
DA:62,0
DA:63,0
DA:64,0
LF:32
LH:22
end_of_record
TN:
SF:lib/features/home/presentation/pages/home_page.dart
FNF:0
FNH:0
DA:16,8
DA:18,2
DA:20,2
DA:21,6
DA:22,2
DA:23,2
DA:25,2
DA:26,2
DA:28,2
LF:9
LH:9
end_of_record
TN:
SF:lib/features/home/presentation/pages/news_detail_page.dart
FNF:0
FNH:0
DA:12,0
DA:14,0
DA:15,0
DA:34,0
DA:36,0
DA:38,0
DA:39,0
DA:40,0
DA:41,0
DA:42,0
DA:44,0
LF:11
LH:0
end_of_record
TN:
SF:lib/features/home/presentation/widgets/article_widget.dart
FNF:0
FNH:0
DA:9,0
DA:12,0
DA:14,0
DA:16,0
DA:18,0
DA:19,0
DA:20,0
DA:21,0
DA:22,0
DA:24,0
DA:25,0
DA:27,0
DA:28,0
DA:29,0
DA:30,0
DA:31,0
DA:33,0
DA:34,0
DA:35,0
DA:43,0
DA:44,0
DA:45,0
DA:46,0
DA:47,0
DA:48,0
DA:49,0
DA:50,0
DA:55,0
DA:56,0
DA:57,0
DA:65,0
DA:66,0
LF:32
LH:0
end_of_record
TN:
SF:lib/features/home/presentation/widgets/shimmer_list.dart
FNF:0
FNH:0
DA:9,12
DA:14,2
DA:15,2
DA:19,2
DA:21,2
DA:23,2
DA:25,2
DA:26,2
DA:27,4
DA:28,2
DA:30,2
DA:42,6
DA:44,2
DA:45,2
DA:47,2
DA:48,2
DA:49,2
DA:51,2
DA:52,2
DA:55,2
DA:57,2
DA:61,2
DA:64,2
DA:66,2
DA:70,2
DA:73,2
DA:75,2
DA:84,2
DA:87,2
DA:89,2
LF:30
LH:30
end_of_record
TN:
SF:lib/features/top_headlines/presentation/bloc/top_headlines_bloc.dart
FNF:0
FNH:0
DA:18,2
DA:19,1
DA:20,1
DA:21,1
DA:22,1
DA:23,3
DA:25,1
DA:26,1
DA:27,1
DA:28,3
DA:30,1
DA:31,1
DA:32,2
DA:33,2
DA:34,3
DA:40,2
DA:41,2
DA:42,2
DA:43,1
LF:19
LH:19
end_of_record
TN:
SF:lib/features/top_headlines/presentation/bloc/top_headlines_event.dart
FNF:0
FNH:0
DA:5,14
DA:9,14
DA:13,7
LF:3
LH:3
end_of_record
TN:
SF:lib/features/top_headlines/presentation/bloc/top_headlines_state.dart
FNF:0
FNH:0
DA:5,9
DA:7,1
DA:8,1
DA:12,6
DA:16,8
DA:21,1
DA:23,1
DA:24,2
DA:29,2
DA:31,1
DA:32,2
LF:11
LH:11
end_of_record
TN:
SF:lib/features/top_headlines/presentation/pages/top_headlines_page.dart
FNF:0
FNH:0
DA:13,6
DA:15,0
DA:17,0
DA:18,0
DA:19,0
DA:20,0
DA:22,0
DA:23,0
DA:25,0
DA:26,0
DA:27,0
DA:28,0
DA:29,0
DA:30,0
DA:32,0
DA:37,0
DA:38,0
DA:40,0
DA:59,6
DA:61,0
DA:63,0
DA:64,0
DA:65,0
DA:66,0
DA:67,0
DA:69,0
DA:70,0
DA:72,0
DA:81,6
DA:83,0
DA:85,0
DA:86,0
DA:87,0
DA:88,0
DA:89,0
DA:90,0
DA:93,0
DA:94,0
DA:95,0
DA:96,0
DA:97,0
DA:98,0
DA:99,0
DA:102,0
DA:103,0
DA:104,0
DA:107,0
DA:117,6
DA:119,0
DA:121,0
DA:122,0
DA:123,0
LF:52
LH:4
end_of_record
TN:
SF:lib/injection.dart
FNF:0
FNH:0
DA:8,6
DA:10,2
DA:11,4
DA:12,4
DA:13,8
DA:15,2
DA:18,2
DA:19,12
DA:20,4
DA:22,4
DA:23,8
DA:25,4
DA:26,12
DA:29,12
LF:14
LH:14
end_of_record
